Determining if the pthread_create exist failed with the following output:
Change Dir: /home/rishav/Desktop/appleseed/code/CMakeFiles/CMakeTmp

Run Build Command:"/usr/bin/make" "cmTC_4c8d8/fast"
/usr/bin/make -f CMakeFiles/cmTC_4c8d8.dir/build.make CMakeFiles/cmTC_4c8d8.dir/build
make[1]: Entering directory '/home/rishav/Desktop/appleseed/code/CMakeFiles/CMakeTmp'
Building C object CMakeFiles/cmTC_4c8d8.dir/CheckSymbolExists.c.o
/usr/bin/cc     -o CMakeFiles/cmTC_4c8d8.dir/CheckSymbolExists.c.o   -c /home/rishav/Desktop/appleseed/code/CMakeFiles/CMakeTmp/CheckSymbolExists.c
Linking C executable cmTC_4c8d8
/usr/bin/cmake -E cmake_link_script CMakeFiles/cmTC_4c8d8.dir/link.txt --verbose=1
/usr/bin/cc       CMakeFiles/cmTC_4c8d8.dir/CheckSymbolExists.c.o  -o cmTC_4c8d8 -rdynamic 
CMakeFiles/cmTC_4c8d8.dir/CheckSymbolExists.c.o: In function `main':
CheckSymbolExists.c:(.text+0x16): undefined reference to `pthread_create'
collect2: error: ld returned 1 exit status
CMakeFiles/cmTC_4c8d8.dir/build.make:97: recipe for target 'cmTC_4c8d8' failed
make[1]: *** [cmTC_4c8d8] Error 1
make[1]: Leaving directory '/home/rishav/Desktop/appleseed/code/CMakeFiles/CMakeTmp'
Makefile:126: recipe for target 'cmTC_4c8d8/fast' failed
make: *** [cmTC_4c8d8/fast] Error 2

File /home/rishav/Desktop/appleseed/code/CMakeFiles/CMakeTmp/CheckSymbolExists.c:
/* */
#include <pthread.h>

int main(int argc, char** argv)
{
  (void)argv;
#ifndef pthread_create
  return ((int*)(&pthread_create))[argc];
#else
  (void)argc;
  return 0;
#endif
}

Determining if the function pthread_create exists in the pthreads failed with the following output:
Change Dir: /home/rishav/Desktop/appleseed/code/CMakeFiles/CMakeTmp

Run Build Command:"/usr/bin/make" "cmTC_6034d/fast"
/usr/bin/make -f CMakeFiles/cmTC_6034d.dir/build.make CMakeFiles/cmTC_6034d.dir/build
make[1]: Entering directory '/home/rishav/Desktop/appleseed/code/CMakeFiles/CMakeTmp'
Building C object CMakeFiles/cmTC_6034d.dir/CheckFunctionExists.c.o
/usr/bin/cc    -DCHECK_FUNCTION_EXISTS=pthread_create   -o CMakeFiles/cmTC_6034d.dir/CheckFunctionExists.c.o   -c /usr/share/cmake-3.5/Modules/CheckFunctionExists.c
Linking C executable cmTC_6034d
/usr/bin/cmake -E cmake_link_script CMakeFiles/cmTC_6034d.dir/link.txt --verbose=1
/usr/bin/cc   -DCHECK_FUNCTION_EXISTS=pthread_create    CMakeFiles/cmTC_6034d.dir/CheckFunctionExists.c.o  -o cmTC_6034d -rdynamic -lpthreads 
/usr/bin/ld: cannot find -lpthreads
collect2: error: ld returned 1 exit status
CMakeFiles/cmTC_6034d.dir/build.make:97: recipe for target 'cmTC_6034d' failed
make[1]: *** [cmTC_6034d] Error 1
make[1]: Leaving directory '/home/rishav/Desktop/appleseed/code/CMakeFiles/CMakeTmp'
Makefile:126: recipe for target 'cmTC_6034d/fast' failed
make: *** [cmTC_6034d/fast] Error 2


Determining if the Q_WS_WIN exist failed with the following output:
Change Dir: /home/rishav/Desktop/appleseed/code/CMakeFiles/CMakeTmp

Run Build Command:"/usr/bin/make" "cmTC_dcbb7/fast"
/usr/bin/make -f CMakeFiles/cmTC_dcbb7.dir/build.make CMakeFiles/cmTC_dcbb7.dir/build
make[1]: Entering directory '/home/rishav/Desktop/appleseed/code/CMakeFiles/CMakeTmp'
Building CXX object CMakeFiles/cmTC_dcbb7.dir/CheckSymbolExists.cxx.o
/usr/bin/c++    -I/usr/include/qt4   -o CMakeFiles/cmTC_dcbb7.dir/CheckSymbolExists.cxx.o -c /home/rishav/Desktop/appleseed/code/CMakeFiles/CMakeTmp/CheckSymbolExists.cxx
/home/rishav/Desktop/appleseed/code/CMakeFiles/CMakeTmp/CheckSymbolExists.cxx: In function ‘int main(int, char**)’:
/home/rishav/Desktop/appleseed/code/CMakeFiles/CMakeTmp/CheckSymbolExists.cxx:8:19: error: ‘Q_WS_WIN’ was not declared in this scope
   return ((int*)(&Q_WS_WIN))[argc];
                   ^
CMakeFiles/cmTC_dcbb7.dir/build.make:65: recipe for target 'CMakeFiles/cmTC_dcbb7.dir/CheckSymbolExists.cxx.o' failed
make[1]: *** [CMakeFiles/cmTC_dcbb7.dir/CheckSymbolExists.cxx.o] Error 1
make[1]: Leaving directory '/home/rishav/Desktop/appleseed/code/CMakeFiles/CMakeTmp'
Makefile:126: recipe for target 'cmTC_dcbb7/fast' failed
make: *** [cmTC_dcbb7/fast] Error 2

File /home/rishav/Desktop/appleseed/code/CMakeFiles/CMakeTmp/CheckSymbolExists.cxx:
/* */
#include <QtCore/qglobal.h>

int main(int argc, char** argv)
{
  (void)argv;
#ifndef Q_WS_WIN
  return ((int*)(&Q_WS_WIN))[argc];
#else
  (void)argc;
  return 0;
#endif
}

Determining if the Q_WS_QWS exist failed with the following output:
Change Dir: /home/rishav/Desktop/appleseed/code/CMakeFiles/CMakeTmp

Run Build Command:"/usr/bin/make" "cmTC_a61e7/fast"
/usr/bin/make -f CMakeFiles/cmTC_a61e7.dir/build.make CMakeFiles/cmTC_a61e7.dir/build
make[1]: Entering directory '/home/rishav/Desktop/appleseed/code/CMakeFiles/CMakeTmp'
Building CXX object CMakeFiles/cmTC_a61e7.dir/CheckSymbolExists.cxx.o
/usr/bin/c++    -I/usr/include/qt4   -o CMakeFiles/cmTC_a61e7.dir/CheckSymbolExists.cxx.o -c /home/rishav/Desktop/appleseed/code/CMakeFiles/CMakeTmp/CheckSymbolExists.cxx
/home/rishav/Desktop/appleseed/code/CMakeFiles/CMakeTmp/CheckSymbolExists.cxx: In function ‘int main(int, char**)’:
/home/rishav/Desktop/appleseed/code/CMakeFiles/CMakeTmp/CheckSymbolExists.cxx:8:19: error: ‘Q_WS_QWS’ was not declared in this scope
   return ((int*)(&Q_WS_QWS))[argc];
                   ^
CMakeFiles/cmTC_a61e7.dir/build.make:65: recipe for target 'CMakeFiles/cmTC_a61e7.dir/CheckSymbolExists.cxx.o' failed
make[1]: *** [CMakeFiles/cmTC_a61e7.dir/CheckSymbolExists.cxx.o] Error 1
make[1]: Leaving directory '/home/rishav/Desktop/appleseed/code/CMakeFiles/CMakeTmp'
Makefile:126: recipe for target 'cmTC_a61e7/fast' failed
make: *** [cmTC_a61e7/fast] Error 2

File /home/rishav/Desktop/appleseed/code/CMakeFiles/CMakeTmp/CheckSymbolExists.cxx:
/* */
#include <QtCore/qglobal.h>

int main(int argc, char** argv)
{
  (void)argv;
#ifndef Q_WS_QWS
  return ((int*)(&Q_WS_QWS))[argc];
#else
  (void)argc;
  return 0;
#endif
}

Determining if the Q_WS_MAC exist failed with the following output:
Change Dir: /home/rishav/Desktop/appleseed/code/CMakeFiles/CMakeTmp

Run Build Command:"/usr/bin/make" "cmTC_eeb77/fast"
/usr/bin/make -f CMakeFiles/cmTC_eeb77.dir/build.make CMakeFiles/cmTC_eeb77.dir/build
make[1]: Entering directory '/home/rishav/Desktop/appleseed/code/CMakeFiles/CMakeTmp'
Building CXX object CMakeFiles/cmTC_eeb77.dir/CheckSymbolExists.cxx.o
/usr/bin/c++    -I/usr/include/qt4   -o CMakeFiles/cmTC_eeb77.dir/CheckSymbolExists.cxx.o -c /home/rishav/Desktop/appleseed/code/CMakeFiles/CMakeTmp/CheckSymbolExists.cxx
/home/rishav/Desktop/appleseed/code/CMakeFiles/CMakeTmp/CheckSymbolExists.cxx: In function ‘int main(int, char**)’:
/home/rishav/Desktop/appleseed/code/CMakeFiles/CMakeTmp/CheckSymbolExists.cxx:8:19: error: ‘Q_WS_MAC’ was not declared in this scope
   return ((int*)(&Q_WS_MAC))[argc];
                   ^
CMakeFiles/cmTC_eeb77.dir/build.make:65: recipe for target 'CMakeFiles/cmTC_eeb77.dir/CheckSymbolExists.cxx.o' failed
make[1]: *** [CMakeFiles/cmTC_eeb77.dir/CheckSymbolExists.cxx.o] Error 1
make[1]: Leaving directory '/home/rishav/Desktop/appleseed/code/CMakeFiles/CMakeTmp'
Makefile:126: recipe for target 'cmTC_eeb77/fast' failed
make: *** [cmTC_eeb77/fast] Error 2

File /home/rishav/Desktop/appleseed/code/CMakeFiles/CMakeTmp/CheckSymbolExists.cxx:
/* */
#include <QtCore/qglobal.h>

int main(int argc, char** argv)
{
  (void)argv;
#ifndef Q_WS_MAC
  return ((int*)(&Q_WS_MAC))[argc];
#else
  (void)argc;
  return 0;
#endif
}

